0 info it worked if it ends with ok
1 verbose cli [ '/usr/local/bin/node', '/usr/local/bin/npm', 'run', 'start' ]
2 info using npm@3.3.12
3 info using node@v5.4.0
4 verbose run-script [ 'prestart', 'start', 'poststart' ]
5 info lifecycle github-battle@1.0.0~prestart: github-battle@1.0.0
6 silly lifecycle github-battle@1.0.0~prestart: no script for prestart, continuing
7 info lifecycle github-battle@1.0.0~start: github-battle@1.0.0
8 verbose lifecycle github-battle@1.0.0~start: unsafe-perm in lifecycle true
9 verbose lifecycle github-battle@1.0.0~start: PATH: /usr/local/lib/node_modules/npm/bin/node-gyp-bin:/Users/jayribakove/Development/practice/reactjs/github-battle/node_modules/.bin:/Users/jayribakove/.rvm/gems/ruby-2.2.3/bin:/Users/jayribakove/.rvm/gems/ruby-2.2.3@global/bin:/Users/jayribakove/.rvm/rubies/ruby-2.2.3/bin:/Applications/Postgres.app/Contents/Versions/9.4/bin:/usr/local:/usr/local/bin:/usr/local/sbin:/usr/bin:/usr/local/bin:/usr/bin:/bin:/usr/sbin:/sbin:/Users/jayribakove/.rvm/bin
10 verbose lifecycle github-battle@1.0.0~start: CWD: /Users/jayribakove/Development/practice/reactjs/github-battle
11 silly lifecycle github-battle@1.0.0~start: Args: [ '-c', 'webpack-dever-server' ]
12 info lifecycle github-battle@1.0.0~start: Failed to exec start script
13 verbose stack Error: github-battle@1.0.0 start: `webpack-dever-server`
13 verbose stack spawn ENOENT
13 verbose stack     at ChildProcess.<anonymous> (/usr/local/lib/node_modules/npm/lib/utils/spawn.js:17:16)
13 verbose stack     at emitTwo (events.js:87:13)
13 verbose stack     at ChildProcess.emit (events.js:172:7)
13 verbose stack     at maybeClose (internal/child_process.js:821:16)
13 verbose stack     at Process.ChildProcess._handle.onexit (internal/child_process.js:211:5)
14 verbose pkgid github-battle@1.0.0
15 verbose cwd /Users/jayribakove/Development/practice/reactjs/github-battle
16 error Darwin 14.5.0
17 error argv "/usr/local/bin/node" "/usr/local/bin/npm" "run" "start"
18 error node v5.4.0
19 error npm  v3.3.12
20 error file sh
21 error code ELIFECYCLE
22 error errno ENOENT
23 error syscall spawn
24 error github-battle@1.0.0 start: `webpack-dever-server`
24 error spawn ENOENT
25 error Failed at the github-battle@1.0.0 start script 'webpack-dever-server'.
25 error Make sure you have the latest version of node.js and npm installed.
25 error If you do, this is most likely a problem with the github-battle package,
25 error not with npm itself.
25 error Tell the author that this fails on your system:
25 error     webpack-dever-server
25 error You can get their info via:
25 error     npm owner ls github-battle
25 error There is likely additional logging output above.
26 verbose exit [ 1, true ]
